<?xml version="1.0" encoding="UTF-8" ?>
<testsuite errors="0" failures="0" hostname="snajperbook" name="com.sun.xml.bind.v2.util.CollisionCheckStackTest" tests="2" time="0.0070" timestamp="2011-06-23T12:11:48">
  <properties>
[...]
</properties>
  <testcase classname="com.sun.xml.bind.v2.util.CollisionCheckStackTest" name="test1" time="0.0010" />
  <testcase classname="com.sun.xml.bind.v2.util.CollisionCheckStackTest" name="test2" time="0.0010" />
  <system-out><![CDATA[]]></system-out>
  <system-err><![CDATA[]]></system-err>
</testsuite>
